Assuming unrestricted shared filesystem usage.
None
host: aaf4040943e9
Building DAG of jobs...
Using shell: /usr/bin/bash
Provided cores: 14
Rules claiming more threads will be scaled down.
Job stats:
job                               count
------------------------------  -------
all                                   1
curate                                1
extract_ncbi_dataset_sequences        1
fetch_ncbi_dataset_package            1
format_ncbi_dataset_report            1
format_ncbi_datasets_ndjson           1
get_nextclade_dataset                 1
join_metadata_and_nextclade           1
nextclade_metadata                    1
run_nextclade                         1
subset_metadata                       1
total                                11

Select jobs to execute...
Execute 2 jobs...
[Fri Jan 23 21:08:01 2026]
localrule fetch_ncbi_dataset_package:
    output: data/ncbi_dataset.zip
    log: logs/fetch_ncbi_dataset_package.txt
    jobid: 4
    benchmark: benchmarks/fetch_ncbi_dataset_package.txt
    reason: Forced execution
    resources: tmpdir=/tmp
Shell command: 
        exec &> >(tee logs/fetch_ncbi_dataset_package.txt)

        datasets download virus genome taxon 11234 \
            --no-progressbar \
            --filename data/ncbi_dataset.zip
        
[Fri Jan 23 21:08:01 2026]
localrule get_nextclade_dataset:
    output: data/nextclade_data/nextstrain/measles/N450/WHO-2012.zip
    log: logs/get_nextclade_dataset.txt
    jobid: 10
    benchmark: benchmarks/get_nextclade_dataset.txt
    reason: Forced execution
    resources: tmpdir=/tmp
Shell command: 
        exec &> >(tee logs/get_nextclade_dataset.txt)

        nextclade3 dataset get \
            --name=nextstrain/measles/N450/WHO-2012 \
            --output-zip=data/nextclade_data/nextstrain/measles/N450/WHO-2012.zip \
            --verbose
        
[Fri Jan 23 21:08:04 2026]
Finished jobid: 10 (Rule: get_nextclade_dataset)
1 of 11 steps (9%) done
Terminating processes on user request, this might take some time.
RuleException:
CalledProcessError in file "/nextstrain/build/ingest/rules/fetch_from_ncbi.smk", line 43:
Command 'set -euo pipefail;  
        exec &> >(tee logs/fetch_ncbi_dataset_package.txt)

        datasets download virus genome taxon 11234 \
            --no-progressbar \
            --filename data/ncbi_dataset.zip' died with <Signals.SIGINT: 2>.
[Fri Jan 23 21:08:06 2026]
Error in rule fetch_ncbi_dataset_package:
    message: None
    jobid: 4
    output: data/ncbi_dataset.zip
    log: logs/fetch_ncbi_dataset_package.txt (check log file(s) for error details)
    shell:
        
        exec &> >(tee logs/fetch_ncbi_dataset_package.txt)

        datasets download virus genome taxon 11234 \
            --no-progressbar \
            --filename data/ncbi_dataset.zip
        
        (command exited with non-zero exit code)
Complete log(s): /nextstrain/build/ingest/.snakemake/log/2026-01-23T210801.637524.snakemake.log
WorkflowError:
At least one job did not complete successfully.
